mode: atomic
github.com/pb33f/libopenapi-validator/path_matcher.go:31.75,32.22 1 57
github.com/pb33f/libopenapi-validator/path_matcher.go:32.22,33.50 1 61
github.com/pb33f/libopenapi-validator/path_matcher.go:33.50,35.4 1 51
github.com/pb33f/libopenapi-validator/path_matcher.go:37.2,37.12 1 6
github.com/pb33f/libopenapi-validator/path_matcher.go:45.74,46.25 1 59
github.com/pb33f/libopenapi-validator/path_matcher.go:46.25,48.3 1 1
github.com/pb33f/libopenapi-validator/path_matcher.go:49.2,50.12 2 58
github.com/pb33f/libopenapi-validator/path_matcher.go:50.12,52.3 1 6
github.com/pb33f/libopenapi-validator/path_matcher.go:53.2,57.3 1 52
github.com/pb33f/libopenapi-validator/path_matcher.go:66.76,67.66 1 9
github.com/pb33f/libopenapi-validator/path_matcher.go:67.66,69.3 1 2
github.com/pb33f/libopenapi-validator/path_matcher.go:70.2,71.12 2 7
github.com/pb33f/libopenapi-validator/path_matcher.go:71.12,73.3 1 6
github.com/pb33f/libopenapi-validator/path_matcher.go:74.2,78.3 1 1
github.com/pb33f/libopenapi-validator/request_context.go:39.109,44.44 3 53
github.com/pb33f/libopenapi-validator/request_context.go:44.44,46.3 1 53
github.com/pb33f/libopenapi-validator/request_context.go:49.2,50.18 2 53
github.com/pb33f/libopenapi-validator/request_context.go:50.18,66.3 3 5
github.com/pb33f/libopenapi-validator/request_context.go:69.2,70.22 2 48
github.com/pb33f/libopenapi-validator/request_context.go:70.22,83.3 3 1
github.com/pb33f/libopenapi-validator/request_context.go:86.2,98.8 3 47
github.com/pb33f/libopenapi-validator/validator.go:78.93,80.17 2 57
github.com/pb33f/libopenapi-validator/validator.go:80.17,82.3 1 1
github.com/pb33f/libopenapi-validator/validator.go:83.2,85.15 3 56
github.com/pb33f/libopenapi-validator/validator.go:89.79,94.57 2 61
github.com/pb33f/libopenapi-validator/validator.go:94.57,96.3 1 61
github.com/pb33f/libopenapi-validator/validator.go:100.2,107.29 4 61
github.com/pb33f/libopenapi-validator/validator.go:107.29,109.3 1 61
github.com/pb33f/libopenapi-validator/validator.go:110.2,128.10 6 61
github.com/pb33f/libopenapi-validator/validator.go:131.63,133.2 1 1
github.com/pb33f/libopenapi-validator/validator.go:135.75,137.2 1 1
github.com/pb33f/libopenapi-validator/validator.go:139.77,141.2 1 3
github.com/pb33f/libopenapi-validator/validator.go:143.80,145.2 1 1
github.com/pb33f/libopenapi-validator/validator.go:147.74,148.23 1 7
github.com/pb33f/libopenapi-validator/validator.go:148.23,158.3 1 1
github.com/pb33f/libopenapi-validator/validator.go:159.2,160.22 2 6
github.com/pb33f/libopenapi-validator/validator.go:160.22,162.3 1 6
github.com/pb33f/libopenapi-validator/validator.go:163.2,163.81 1 6
github.com/pb33f/libopenapi-validator/validator.go:169.37,171.17 2 8
github.com/pb33f/libopenapi-validator/validator.go:171.17,173.3 1 1
github.com/pb33f/libopenapi-validator/validator.go:174.2,176.29 2 7
github.com/pb33f/libopenapi-validator/validator.go:176.29,178.3 1 4
github.com/pb33f/libopenapi-validator/validator.go:179.2,179.18 1 3
github.com/pb33f/libopenapi-validator/validator.go:185.37,187.17 2 19
github.com/pb33f/libopenapi-validator/validator.go:187.17,189.3 1 1
github.com/pb33f/libopenapi-validator/validator.go:190.2,193.55 3 18
github.com/pb33f/libopenapi-validator/validator.go:193.55,195.3 1 11
github.com/pb33f/libopenapi-validator/validator.go:196.2,196.18 1 7
github.com/pb33f/libopenapi-validator/validator.go:199.98,202.55 1 14
github.com/pb33f/libopenapi-validator/validator.go:202.55,204.3 1 3
github.com/pb33f/libopenapi-validator/validator.go:206.2,207.17 2 11
github.com/pb33f/libopenapi-validator/validator.go:207.17,209.3 1 1
github.com/pb33f/libopenapi-validator/validator.go:210.2,210.94 1 10
github.com/pb33f/libopenapi-validator/validator.go:213.151,231.99 5 28
github.com/pb33f/libopenapi-validator/validator.go:231.99,246.90 6 28
github.com/pb33f/libopenapi-validator/validator.go:246.90,248.8 2 28
github.com/pb33f/libopenapi-validator/validator.go:248.8,249.12 1 147
github.com/pb33f/libopenapi-validator/validator.go:250.31,251.69 1 7
github.com/pb33f/libopenapi-validator/validator.go:252.20,254.50 2 140
github.com/pb33f/libopenapi-validator/validator.go:254.50,257.7 2 28
github.com/pb33f/libopenapi-validator/validator.go:262.3,266.5 1 28
github.com/pb33f/libopenapi-validator/validator.go:266.5,268.14 2 140
github.com/pb33f/libopenapi-validator/validator.go:268.14,270.5 1 7
github.com/pb33f/libopenapi-validator/validator.go:271.4,271.25 1 140
github.com/pb33f/libopenapi-validator/validator.go:273.3,274.30 2 28
github.com/pb33f/libopenapi-validator/validator.go:274.30,276.4 1 140
github.com/pb33f/libopenapi-validator/validator.go:279.3,280.37 2 28
github.com/pb33f/libopenapi-validator/validator.go:280.37,282.4 1 5
github.com/pb33f/libopenapi-validator/validator.go:285.3,285.28 1 28
github.com/pb33f/libopenapi-validator/validator.go:288.2,288.101 1 28
github.com/pb33f/libopenapi-validator/validator.go:288.101,290.13 2 28
github.com/pb33f/libopenapi-validator/validator.go:290.13,292.4 1 5
github.com/pb33f/libopenapi-validator/validator.go:293.3,293.24 1 28
github.com/pb33f/libopenapi-validator/validator.go:297.2,308.32 4 28
github.com/pb33f/libopenapi-validator/validator.go:308.32,310.3 1 56
github.com/pb33f/libopenapi-validator/validator.go:313.2,318.53 3 28
github.com/pb33f/libopenapi-validator/validator.go:321.98,323.2 1 37
github.com/pb33f/libopenapi-validator/validator.go:325.99,327.2 1 37
github.com/pb33f/libopenapi-validator/validator.go:329.100,331.2 1 37
github.com/pb33f/libopenapi-validator/validator.go:333.100,335.2 1 37
github.com/pb33f/libopenapi-validator/validator.go:337.96,339.2 1 37
github.com/pb33f/libopenapi-validator/validator.go:341.99,343.2 1 37
github.com/pb33f/libopenapi-validator/validator.go:346.96,355.4 2 9
github.com/pb33f/libopenapi-validator/validator.go:355.4,356.48 1 54
github.com/pb33f/libopenapi-validator/validator.go:356.48,358.4 1 4
github.com/pb33f/libopenapi-validator/validator.go:360.2,360.53 1 9
github.com/pb33f/libopenapi-validator/validator.go:363.102,365.17 2 9
github.com/pb33f/libopenapi-validator/validator.go:365.17,367.3 1 1
github.com/pb33f/libopenapi-validator/validator.go:368.2,368.35 1 8
github.com/pb33f/libopenapi-validator/validator.go:371.155,382.2 2 1
github.com/pb33f/libopenapi-validator/validator.go:399.3,402.6 3 28
github.com/pb33f/libopenapi-validator/validator.go:402.6,403.10 1 66
github.com/pb33f/libopenapi-validator/validator.go:404.29,407.27 3 10
github.com/pb33f/libopenapi-validator/validator.go:408.18,410.37 2 56
github.com/pb33f/libopenapi-validator/validator.go:410.37,413.5 2 28
github.com/pb33f/libopenapi-validator/validator.go:425.59,426.39 1 31
github.com/pb33f/libopenapi-validator/validator.go:426.39,427.55 1 14
github.com/pb33f/libopenapi-validator/validator.go:427.55,429.4 1 5
github.com/pb33f/libopenapi-validator/validator.go:430.3,430.43 1 9
github.com/pb33f/libopenapi-validator/validator.go:439.3,441.96 1 64
github.com/pb33f/libopenapi-validator/validator.go:441.96,443.3 1 4
github.com/pb33f/libopenapi-validator/validator.go:445.2,448.91 2 60
github.com/pb33f/libopenapi-validator/validator.go:448.91,453.24 3 375
github.com/pb33f/libopenapi-validator/validator.go:453.24,454.12 1 0
github.com/pb33f/libopenapi-validator/validator.go:457.3,457.75 1 375
github.com/pb33f/libopenapi-validator/validator.go:457.75,459.24 2 532
github.com/pb33f/libopenapi-validator/validator.go:459.24,460.13 1 0
github.com/pb33f/libopenapi-validator/validator.go:464.4,464.76 1 532
github.com/pb33f/libopenapi-validator/validator.go:464.76,465.116 1 203
github.com/pb33f/libopenapi-validator/validator.go:465.116,467.33 2 463
github.com/pb33f/libopenapi-validator/validator.go:467.33,469.7 1 462
github.com/pb33f/libopenapi-validator/validator.go:474.4,474.34 1 532
github.com/pb33f/libopenapi-validator/validator.go:474.34,476.41 1 514
github.com/pb33f/libopenapi-validator/validator.go:476.41,477.101 1 514
github.com/pb33f/libopenapi-validator/validator.go:477.101,479.53 2 851
github.com/pb33f/libopenapi-validator/validator.go:479.53,480.106 1 320
github.com/pb33f/libopenapi-validator/validator.go:480.106,482.36 2 553
github.com/pb33f/libopenapi-validator/validator.go:482.36,484.10 1 553
github.com/pb33f/libopenapi-validator/validator.go:491.5,491.89 1 514
github.com/pb33f/libopenapi-validator/validator.go:491.89,492.123 1 30
github.com/pb33f/libopenapi-validator/validator.go:492.123,494.34 2 56
github.com/pb33f/libopenapi-validator/validator.go:494.34,496.8 1 56
github.com/pb33f/libopenapi-validator/validator.go:502.4,502.35 1 532
github.com/pb33f/libopenapi-validator/validator.go:502.35,503.48 1 319
github.com/pb33f/libopenapi-validator/validator.go:503.48,504.22 1 453
github.com/pb33f/libopenapi-validator/validator.go:504.22,506.7 1 453
github.com/pb33f/libopenapi-validator/validator.go:512.3,512.33 1 375
github.com/pb33f/libopenapi-validator/validator.go:512.33,513.46 1 4
github.com/pb33f/libopenapi-validator/validator.go:513.46,514.21 1 4
github.com/pb33f/libopenapi-validator/validator.go:514.21,516.6 1 4
github.com/pb33f/libopenapi-validator/validator.go:523.117,524.49 1 1071
github.com/pb33f/libopenapi-validator/validator.go:524.49,527.51 2 1071
github.com/pb33f/libopenapi-validator/validator.go:527.51,529.21 2 238
github.com/pb33f/libopenapi-validator/validator.go:529.21,534.32 5 238
github.com/pb33f/libopenapi-validator/validator.go:534.32,549.6 4 235
github.com/pb33f/libopenapi-validator/validator.go:556.113,557.18 1 457
github.com/pb33f/libopenapi-validator/validator.go:557.18,562.26 3 457
github.com/pb33f/libopenapi-validator/validator.go:562.26,564.21 2 456
github.com/pb33f/libopenapi-validator/validator.go:564.21,566.5 1 456
github.com/pb33f/libopenapi-validator/validator.go:567.9,567.34 1 1
github.com/pb33f/libopenapi-validator/validator.go:567.34,569.99 1 1
github.com/pb33f/libopenapi-validator/validator.go:569.99,571.32 2 1
github.com/pb33f/libopenapi-validator/validator.go:571.32,573.23 2 1
github.com/pb33f/libopenapi-validator/validator.go:573.23,575.7 1 1
github.com/pb33f/libopenapi-validator/validator.go:576.6,576.11 1 1
github.com/pb33f/libopenapi-validator/validator.go:581.3,581.20 1 457
github.com/pb33f/libopenapi-validator/validator.go:581.20,582.52 1 457
github.com/pb33f/libopenapi-validator/validator.go:582.52,587.32 5 116
github.com/pb33f/libopenapi-validator/validator.go:587.32,603.6 4 116
github.com/pb33f/libopenapi-validator/validator.go:611.74,612.95 1 61
github.com/pb33f/libopenapi-validator/validator.go:612.95,614.3 1 1
github.com/pb33f/libopenapi-validator/validator.go:616.2,616.91 1 60
github.com/pb33f/libopenapi-validator/validator.go:616.91,619.36 3 375
github.com/pb33f/libopenapi-validator/validator.go:619.36,620.21 1 1113
github.com/pb33f/libopenapi-validator/validator.go:620.21,621.13 1 375
github.com/pb33f/libopenapi-validator/validator.go:624.4,624.39 1 738
github.com/pb33f/libopenapi-validator/validator.go:624.39,625.13 1 627
github.com/pb33f/libopenapi-validator/validator.go:627.4,627.60 1 111
github.com/pb33f/libopenapi-validator/validator.go:627.60,629.19 2 85
github.com/pb33f/libopenapi-validator/validator.go:629.19,631.6 1 85
